Running php-build composer
WARNING! Your password will be stored unencrypted in /home/runner/.docker/config.json.
Configure a credential helper to remove this warning. See
https://docs.docker.com/engine/reference/commandline/login/#credentials-store

Login Succeeded
Pulling docker.pkg.github.com/fadilxcoder/streamer/php-actions_composer_streamer:php-8.1-build2.1.0
php-8.1-build2.1.0: Pulling from fadilxcoder/streamer/php-actions_composer_streamer
63b65145d645: Already exists
e80fdb865a69: Pulling fs layer
f4dbeadc75c1: Pulling fs layer
257b31b3391b: Pulling fs layer
efd1d4b30c9b: Pulling fs layer
2a3decc859a6: Pulling fs layer
67442337b9b9: Pulling fs layer
48fd00dce515: Pulling fs layer
0ed6b75e944c: Pulling fs layer
d2f23d380d10: Pulling fs layer
efd1d4b30c9b: Waiting
2a3decc859a6: Waiting
67442337b9b9: Waiting
48fd00dce515: Waiting
0ed6b75e944c: Waiting
d2f23d380d10: Waiting
f4dbeadc75c1: Verifying Checksum
f4dbeadc75c1: Download complete
e80fdb865a69: Verifying Checksum
257b31b3391b: Verifying Checksum
257b31b3391b: Download complete
e80fdb865a69: Pull complete
f4dbeadc75c1: Pull complete
257b31b3391b: Pull complete
2a3decc859a6: Verifying Checksum
2a3decc859a6: Download complete
efd1d4b30c9b: Verifying Checksum
efd1d4b30c9b: Download complete
efd1d4b30c9b: Pull complete
2a3decc859a6: Pull complete
0ed6b75e944c: Verifying Checksum
0ed6b75e944c: Download complete
48fd00dce515: Verifying Checksum
48fd00dce515: Download complete
d2f23d380d10: Verifying Checksum
d2f23d380d10: Download complete
67442337b9b9: Verifying Checksum
67442337b9b9: Download complete
67442337b9b9: Pull complete
48fd00dce515: Pull complete
0ed6b75e944c: Pull complete
d2f23d380d10: Pull complete
Digest: sha256:3abe72c716e53fb623f292769d577f3f1950375821fc9ef0fa81afa5b51685ef
Status: Downloaded newer image for docker.pkg.github.com/fadilxcoder/streamer/php-actions_composer_streamer:php-8.1-build2.1.0
docker.pkg.github.com/fadilxcoder/streamer/php-actions_composer_streamer:php-8.1-build2.1.0
Docker tag: docker.pkg.github.com/fadilxcoder/streamer/php-actions_composer_streamer:php-8.1-build2.1.0
No private keys supplied
Command: composer install --no-progress --no-interaction
Skipping env variable PWD
Skipping env variable HOME
Skipping env variable SHLVL
Skipping env variable PATH
